<?xml version="1.0" encoding="UTF-8"?>
<testng-results ignored="0" total="1" passed="1" failed="0" skipped="0">
  <reporter-output>
  </reporter-output>
  <suite started-at="2024-11-04T21:46:13 IST" name="Default suite" finished-at="2024-11-04T21:46:58 IST" duration-ms="45305">
    <groups>
    </groups>
    <test started-at="2024-11-04T21:46:13 IST" name="Default test" finished-at="2024-11-04T21:46:58 IST" duration-ms="45305">
      <class name="com.ldc.prod.dashboard.LDC">
        <test-method is-config="true" signature="beforesuite()[pri:0, instance:com.ldc.prod.dashboard.LDC@55fe41ea]" started-at="2024-11-04T21:46:10 IST" name="beforesuite" finished-at="2024-11-04T21:46:13 IST" duration-ms="2987" status="PASS">
          <reporter-output>
          </reporter-output>
        </test-method> <!-- beforesuite -->
        <test-method signature="getSitedatPath()[pri:0, instance:com.ldc.prod.dashboard.LDC@55fe41ea]" started-at="2024-11-04T21:46:13 IST" name="getSitedatPath" finished-at="2024-11-04T21:46:58 IST" duration-ms="45276" status="PASS">
          <reporter-output>
          </reporter-output>
        </test-method> <!-- getSitedatPath -->
        <test-method is-config="true" signature="aftersuite()[pri:0, instance:com.ldc.prod.dashboard.LDC@55fe41ea]" started-at="2024-11-04T21:46:58 IST" name="aftersuite" finished-at="2024-11-04T21:46:58 IST" duration-ms="23" status="PASS">
          <reporter-output>
          </reporter-output>
        </test-method> <!-- aftersuite -->
      </class> <!-- com.ldc.prod.dashboard.LDC -->
    </test> <!-- Default test -->
  </suite> <!-- Default suite -->
</testng-results>
